# JRE version: OpenJDK Runtime Environment Temurin-17.0.10+7 (17.0.10+7) (build 17.0.10+7)
# Java VM: OpenJDK 64-Bit Server VM Temurin-17.0.10+7 (17.0.10+7, mixed mode, emulated-client, tiered, compressed oops, compressed class ptrs, g1 gc, windows-amd64)
GC Precious Log:
 CPUs: 16 total, 16 available
 Memory: 7598M
 Large Page Support: Disabled
 NUMA Support: Disabled
 Compressed Oops: Enabled (32-bit)
 Heap Region Size: 1M
 Heap Min Capacity: 8M
 Heap Initial Capacity: 120M
 Heap Max Capacity: 1G
 Pre-touch: Disabled
 Parallel Workers: 13
 Concurrent Workers: 3
 Concurrent Refinement Workers: 13
 Periodic GC: Disabled
Heap:
 garbage-first heap   total 97280K, used 35110K [0x00000000c0000000, 0x0000000100000000)
  region size 1024K, 1 young (1024K), 0 survivors (0K)
 Metaspace       used 60698K, committed 61120K, reserved 1114112K
  class space    used 7628K, committed 7808K, reserved 1048576K
GC Heap History (20 events):
Event: 4882.625 GC heap before
{Heap before GC invocations=263 (full 213):
 garbage-first heap   total 97280K, used 35110K [0x00000000c0000000, 0x0000000100000000)
  region size 1024K, 1 young (1024K), 0 survivors (0K)
 Metaspace       used 60698K, committed 61120K, reserved 1114112K
  class space    used 7628K, committed 7808K, reserved 1048576K
}
Event: 4883.628 GC heap after
{Heap after GC invocations=264 (full 214):
 garbage-first heap   total 97280K, used 35110K [0x00000000c0000000, 0x0000000100000000)
  region size 1024K, 0 young (0K), 0 survivors (0K)
 Metaspace       used 60698K, committed 61120K, reserved 1114112K
  class space    used 7628K, committed 7808K, reserved 1048576K
}
Event: 4895.123 GC heap before
{Heap before GC invocations=264 (full 214):
 garbage-first heap   total 97280K, used 35110K [0x00000000c0000000, 0x0000000100000000)
  region size 1024K, 1 young (1024K), 0 survivors (0K)
 Metaspace       used 60698K, committed 61120K, reserved 1114112K
  class space    used 7628K, committed 7808K, reserved 1048576K
}
Event: 4895.669 GC heap after
{Heap after GC invocations=265 (full 215):
 garbage-first heap   total 97280K, used 35110K [0x00000000c0000000, 0x0000000100000000)
  region size 1024K, 0 young (0K), 0 survivors (0K)
 Metaspace       used 60698K, committed 61120K, reserved 1114112K
  class space    used 7628K, committed 7808K, reserved 1048576K
}
Event: 4906.574 GC heap before
{Heap before GC invocations=265 (full 215):
 garbage-first heap   total 97280K, used 35110K [0x00000000c0000000, 0x0000000100000000)
  region size 1024K, 1 young (1024K), 0 survivors (0K)
 Metaspace       used 60698K, committed 61120K, reserved 1114112K
  class space    used 7628K, committed 7808K, reserved 1048576K
}
Event: 4907.023 GC heap after
{Heap after GC invocations=266 (full 216):
 garbage-first heap   total 97280K, used 35110K [0x00000000c0000000, 0x0000000100000000)
  region size 1024K, 0 young (0K), 0 survivors (0K)
 Metaspace       used 60698K, committed 61120K, reserved 1114112K
  class space    used 7628K, committed 7808K, reserved 1048576K
}
Event: 4917.738 GC heap before
{Heap before GC invocations=266 (full 216):
 garbage-first heap   total 97280K, used 35110K [0x00000000c0000000, 0x0000000100000000)
  region size 1024K, 1 young (1024K), 0 survivors (0K)
 Metaspace       used 60698K, committed 61120K, reserved 1114112K
  class space    used 7628K, committed 7808K, reserved 1048576K
}
Event: 4917.834 GC heap after
{Heap after GC invocations=267 (full 217):
 garbage-first heap   total 97280K, used 35110K [0x00000000c0000000, 0x0000000100000000)
  region size 1024K, 0 young (0K), 0 survivors (0K)
 Metaspace       used 60698K, committed 61120K, reserved 1114112K
  class space    used 7628K, committed 7808K, reserved 1048576K
}
Event: 4928.567 GC heap before
{Heap before GC invocations=267 (full 217):
 garbage-first heap   total 97280K, used 35110K [0x00000000c0000000, 0x0000000100000000)
  region size 1024K, 1 young (1024K), 0 survivors (0K)
 Metaspace       used 60698K, committed 61120K, reserved 1114112K
  class space    used 7628K, committed 7808K, reserved 1048576K
}
Event: 4928.732 GC heap after
{Heap after GC invocations=268 (full 218):
 garbage-first heap   total 97280K, used 35110K [0x00000000c0000000, 0x0000000100000000)
  region size 1024K, 0 young (0K), 0 survivors (0K)
 Metaspace       used 60698K, committed 61120K, reserved 1114112K
  class space    used 7628K, committed 7808K, reserved 1048576K
}
Event: 4941.482 GC heap before
{Heap before GC invocations=268 (full 218):
 garbage-first heap   total 97280K, used 35110K [0x00000000c0000000, 0x0000000100000000)
  region size 1024K, 1 young (1024K), 0 survivors (0K)
 Metaspace       used 60698K, committed 61120K, reserved 1114112K
  class space    used 7628K, committed 7808K, reserved 1048576K
}
Event: 4941.998 GC heap after
{Heap after GC invocations=269 (full 219):
 garbage-first heap   total 97280K, used 35110K [0x00000000c0000000, 0x0000000100000000)
  region size 1024K, 0 young (0K), 0 survivors (0K)
 Metaspace       used 60698K, committed 61120K, reserved 1114112K
  class space    used 7628K, committed 7808K, reserved 1048576K
}
Event: 4952.409 GC heap before
{Heap before GC invocations=269 (full 219):
 garbage-first heap   total 97280K, used 35110K [0x00000000c0000000, 0x0000000100000000)
  region size 1024K, 1 young (1024K), 0 survivors (0K)
 Metaspace       used 60698K, committed 61120K, reserved 1114112K
  class space    used 7628K, committed 7808K, reserved 1048576K
}
Event: 4952.479 GC heap after
{Heap after GC invocations=270 (full 220):
 garbage-first heap   total 97280K, used 35110K [0x00000000c0000000, 0x0000000100000000)
  region size 1024K, 0 young (0K), 0 survivors (0K)
 Metaspace       used 60698K, committed 61120K, reserved 1114112K
  class space    used 7628K, committed 7808K, reserved 1048576K
}
Event: 4962.771 GC heap before
{Heap before GC invocations=270 (full 220):
 garbage-first heap   total 97280K, used 35110K [0x00000000c0000000, 0x0000000100000000)
  region size 1024K, 1 young (1024K), 0 survivors (0K)
 Metaspace       used 60698K, committed 61120K, reserved 1114112K
  class space    used 7628K, committed 7808K, reserved 1048576K
}
Event: 4962.809 GC heap after
{Heap after GC invocations=271 (full 221):
 garbage-first heap   total 97280K, used 35110K [0x00000000c0000000, 0x0000000100000000)
  region size 1024K, 0 young (0K), 0 survivors (0K)
 Metaspace       used 60698K, committed 61120K, reserved 1114112K
  class space    used 7628K, committed 7808K, reserved 1048576K
}
Event: 4973.287 GC heap before
{Heap before GC invocations=271 (full 221):
 garbage-first heap   total 97280K, used 35110K [0x00000000c0000000, 0x0000000100000000)
  region size 1024K, 1 young (1024K), 0 survivors (0K)
 Metaspace       used 60698K, committed 61120K, reserved 1114112K
  class space    used 7628K, committed 7808K, reserved 1048576K
}
Event: 4973.334 GC heap after
{Heap after GC invocations=272 (full 222):
 garbage-first heap   total 97280K, used 35110K [0x00000000c0000000, 0x0000000100000000)
  region size 1024K, 0 young (0K), 0 survivors (0K)
 Metaspace       used 60698K, committed 61120K, reserved 1114112K
  class space    used 7628K, committed 7808K, reserved 1048576K
}
Event: 4984.264 GC heap before
{Heap before GC invocations=272 (full 222):
 garbage-first heap   total 97280K, used 35110K [0x00000000c0000000, 0x0000000100000000)
  region size 1024K, 1 young (1024K), 0 survivors (0K)
 Metaspace       used 60698K, committed 61120K, reserved 1114112K
  class space    used 7628K, committed 7808K, reserved 1048576K
}
Event: 4984.464 GC heap after
{Heap after GC invocations=273 (full 223):
 garbage-first heap   total 97280K, used 35110K [0x00000000c0000000, 0x0000000100000000)
  region size 1024K, 0 young (0K), 0 survivors (0K)
 Metaspace       used 60698K, committed 61120K, reserved 1114112K
  class space    used 7628K, committed 7808K, reserved 1048576K
}

